The system is: Darwin - 21.6.0 - arm64
Compiling the CXX compiler identification source file "CMakeCXXCompilerId.cpp" succeeded.
Compiler: /Library/Developer/CommandLineTools/usr/bin/c++ 
Build flags: 
Id flags: -c 

The output was:
0


Compilation of the CXX compiler identification source "CMakeCXXCompilerId.cpp" produced "CMakeCXXCompilerId.o"

The CXX compiler identification is AppleClang, found in "/Users/guoemmett/Desktop/cs222-winter23-cutecutelovelydoggy/cmake-build-debug/googlelog-prefix/src/googlelog-build/CMakeFiles/3.24.2/CompilerIdCXX/CMakeCXXCompilerId.o"

Detecting CXX compiler ABI info compiled with the following output:
Change Dir: /Users/guoemmett/Desktop/cs222-winter23-cutecutelovelydoggy/cmake-build-debug/googlelog-prefix/src/googlelog-build/CMakeFiles/CMakeTmp

Run Build Command(s):/opt/homebrew/bin/ninja cmTC_4eeee && [1/2] Building CXX object CMakeFiles/cmTC_4eeee.dir/CMakeCXXCompilerABI.cpp.o
Apple clang version 14.0.0 (clang-1400.0.29.102)
Target: arm64-apple-darwin21.6.0
Thread model: posix
InstalledDir: /Library/Developer/CommandLineTools/usr/bin
clang: warning: -Wl,-v: 'linker' input unused [-Wunused-command-line-argument]
 "/Library/Developer/CommandLineTools/usr/bin/clang" -cc1 -triple arm64-apple-macosx12.0.0 -Wundef-prefix=TARGET_OS_ -Wdeprecated-objc-isa-usage -Werror=deprecated-objc-isa-usage -Werror=implicit-function-declaration -emit-obj -mrelax-all --mrelax-relocations -disable-free -clear-ast-before-backend -disable-llvm-verifier -discard-value-names -main-file-name CMakeCXXCompilerABI.cpp -mrelocation-model pic -pic-level 2 -mframe-pointer=non-leaf -fno-strict-return -fno-rounding-math -funwind-tables=2 -fobjc-msgsend-selector-stubs -target-sdk-version=12.3 -fvisibility-inlines-hidden-static-local-var -target-cpu apple-m1 -target-feature +v8.5a -target-feature +fp-armv8 -target-feature +neon -target-feature +crc -target-feature +crypto -target-feature +dotprod -target-feature +fp16fml -target-feature +ras -target-feature +lse -target-feature +rdm -target-feature +rcpc -target-feature +zcm -target-feature +zcz -target-feature +fullfp16 -target-feature +sm4 -target-feature +sha3 -target-feature +sha2 -target-feature +aes -target-abi darwinpcs -fallow-half-arguments-and-returns -debugger-tuning=lldb -target-linker-version 819.6 -v -resource-dir /Library/Developer/CommandLineTools/usr/lib/clang/14.0.0 -dependency-file CMakeFiles/cmTC_4eeee.dir/CMakeCXXCompilerABI.cpp.o.d -skip-unused-modulemap-deps -MT CMakeFiles/cmTC_4eeee.dir/CMakeCXXCompilerABI.cpp.o -sys-header-deps -isysroot /Library/Developer/CommandLineTools/SDKs/MacOSX12.3.sdk -stdlib=libc++ -internal-isystem /Library/Developer/CommandLineTools/SDKs/MacOSX12.3.sdk/usr/include/c++/v1 -internal-isystem /Library/Developer/CommandLineTools/SDKs/MacOSX12.3.sdk/usr/local/include -internal-isystem /Library/Developer/CommandLineTools/usr/lib/clang/14.0.0/include -internal-externc-isystem /Library/Developer/CommandLineTools/SDKs/MacOSX12.3.sdk/usr/include -internal-externc-isystem /Library/Developer/CommandLineTools/usr/include -Wno-reorder-init-list -Wno-implicit-int-float-conversion -Wno-c99-designator -Wno-final-dtor-non-final-class -Wno-extra-semi-stmt -Wno-misleading-indentation -Wno-quoted-include-in-framework-header -Wno-implicit-fallthrough -Wno-enum-enum-conversion -Wno-enum-float-conversion -Wno-elaborated-enum-base -Wno-reserved-identifier -Wno-gnu-folding-constant -Wno-cast-function-type -Wno-bitwise-instead-of-logical -fdeprecated-macro -fdebug-compilation-dir=/Users/guoemmett/Desktop/cs222-winter23-cutecutelovelydoggy/cmake-build-debug/googlelog-prefix/src/googlelog-build/CMakeFiles/CMakeTmp -ferror-limit 19 -stack-protector 1 -fstack-check -mdarwin-stkchk-strong-link -fblocks -fencode-extended-block-signature -fregister-global-dtors-with-atexit -fgnuc-version=4.2.1 -fno-cxx-modules -fcxx-exceptions -fexceptions -fmax-type-align=16 -fcommon -clang-vendor-feature=+messageToSelfInClassMethodIdReturnType -clang-vendor-feature=+disableInferNewAvailabilityFromInit -clang-vendor-feature=+disableNonDependentMemberExprInCurrentInstantiation -fno-odr-hash-protocols -clang-vendor-feature=+enableAggressiveVLAFolding -clang-vendor-feature=+revert09abecef7bbf -clang-vendor-feature=+thisNoAlignAttr -clang-vendor-feature=+thisNoNullAttr -mllvm -disable-aligned-alloc-awareness=1 -D__GCC_HAVE_DWARF2_CFI_ASM=1 -o CMakeFiles/cmTC_4eeee.dir/CMakeCXXCompilerABI.cpp.o -x c++ /Applications/tool/CLion.app/Contents/bin/cmake/mac/share/cmake-3.24/Modules/CMakeCXXCompilerABI.cpp
clang -cc1 version 14.0.0 (clang-1400.0.29.102) default target arm64-apple-darwin21.6.0
ignoring nonexistent directory "/Library/Developer/CommandLineTools/SDKs/MacOSX12.3.sdk/usr/local/include"
ignoring nonexistent directory "/Library/Developer/CommandLineTools/SDKs/MacOSX12.3.sdk/Library/Frameworks"
#include "..." search starts here:
#include <...> search starts here:
 /Library/Developer/CommandLineTools/SDKs/MacOSX12.3.sdk/usr/include/c++/v1
 /Library/Developer/CommandLineTools/usr/lib/clang/14.0.0/include
 /Library/Developer/CommandLineTools/SDKs/MacOSX12.3.sdk/usr/include
 /Library/Developer/CommandLineTools/usr/include
 /Library/Developer/CommandLineTools/SDKs/MacOSX12.3.sdk/System/Library/Frameworks (framework directory)
End of search list.
[2/2] Linking CXX executable cmTC_4eeee
Apple clang version 14.0.0 (clang-1400.0.29.102)
Target: arm64-apple-darwin21.6.0
Thread model: posix
InstalledDir: /Library/Developer/CommandLineTools/usr/bin
 "/Library/Developer/CommandLineTools/usr/bin/ld" -demangle -lto_library /Library/Developer/CommandLineTools/usr/lib/libLTO.dylib -dynamic -arch arm64 -platform_version macos 12.0.0 12.3 -syslibroot /Library/Developer/CommandLineTools/SDKs/MacOSX12.3.sdk -o cmTC_4eeee -search_paths_first -headerpad_max_install_names -v CMakeFiles/cmTC_4eeee.dir/CMakeCXXCompilerABI.cpp.o -lc++ -lSystem /Library/Developer/CommandLineTools/usr/lib/clang/14.0.0/lib/darwin/libclang_rt.osx.a
@(#)PROGRAM:ld  PROJECT:ld64-819.6
BUILD 14:58:44 Aug  5 2022
configured to support archs: armv6 armv7 armv7s arm64 arm64e arm64_32 i386 x86_64 x86_64h armv6m armv7k armv7m armv7em
Library search paths:
	/Library/Developer/CommandLineTools/SDKs/MacOSX12.3.sdk/usr/lib
Framework search paths:
	/Library/Developer/CommandLineTools/SDKs/MacOSX12.3.sdk/System/Library/Frameworks/



Parsed CXX implicit include dir info from above output: rv=done
  found start of include info
  found start of implicit include info
    add: [/Library/Developer/CommandLineTools/SDKs/MacOSX12.3.sdk/usr/include/c++/v1]
    add: [/Library/Developer/CommandLineTools/usr/lib/clang/14.0.0/include]
    add: [/Library/Developer/CommandLineTools/SDKs/MacOSX12.3.sdk/usr/include]
    add: [/Library/Developer/CommandLineTools/usr/include]
  end of search list found
  collapse include dir [/Library/Developer/CommandLineTools/SDKs/MacOSX12.3.sdk/usr/include/c++/v1] ==> [/Library/Developer/CommandLineTools/SDKs/MacOSX12.3.sdk/usr/include/c++/v1]
  collapse include dir [/Library/Developer/CommandLineTools/usr/lib/clang/14.0.0/include] ==> [/Library/Developer/CommandLineTools/usr/lib/clang/14.0.0/include]
  collapse include dir [/Library/Developer/CommandLineTools/SDKs/MacOSX12.3.sdk/usr/include] ==> [/Library/Developer/CommandLineTools/SDKs/MacOSX12.3.sdk/usr/include]
  collapse include dir [/Library/Developer/CommandLineTools/usr/include] ==> [/Library/Developer/CommandLineTools/usr/include]
  implicit include dirs: [/Library/Developer/CommandLineTools/SDKs/MacOSX12.3.sdk/usr/include/c++/v1;/Library/Developer/CommandLineTools/usr/lib/clang/14.0.0/include;/Library/Developer/CommandLineTools/SDKs/MacOSX12.3.sdk/usr/include;/Library/Developer/CommandLineTools/usr/include]


Parsed CXX implicit link information from above output:
  link line regex: [^( *|.*[/\])(ld|CMAKE_LINK_STARTFILE-NOTFOUND|([^/\]+-)?ld|collect2)[^/\]*( |$)]
  ignore line: [Change Dir: /Users/guoemmett/Desktop/cs222-winter23-cutecutelovelydoggy/cmake-build-debug/googlelog-prefix/src/googlelog-build/CMakeFiles/CMakeTmp]
  ignore line: []
  ignore line: [Run Build Command(s):/opt/homebrew/bin/ninja cmTC_4eeee && [1/2] Building CXX object CMakeFiles/cmTC_4eeee.dir/CMakeCXXCompilerABI.cpp.o]
  ignore line: [Apple clang version 14.0.0 (clang-1400.0.29.102)]
  ignore line: [Target: arm64-apple-darwin21.6.0]
  ignore line: [Thread model: posix]
  ignore line: [InstalledDir: /Library/Developer/CommandLineTools/usr/bin]
  ignore line: [clang: warning: -Wl -v: 'linker' input unused [-Wunused-command-line-argument]]
  ignore line: [ "/Library/Developer/CommandLineTools/usr/bin/clang" -cc1 -triple arm64-apple-macosx12.0.0 -Wundef-prefix=TARGET_OS_ -Wdeprecated-objc-isa-usage -Werror=deprecated-objc-isa-usage -Werror=implicit-function-declaration -emit-obj -mrelax-all --mrelax-relocations -disable-free -clear-ast-before-backend -disable-llvm-verifier -discard-value-names -main-file-name CMakeCXXCompilerABI.cpp -mrelocation-model pic -pic-level 2 -mframe-pointer=non-leaf -fno-strict-return -fno-rounding-math -funwind-tables=2 -fobjc-msgsend-selector-stubs -target-sdk-version=12.3 -fvisibility-inlines-hidden-static-local-var -target-cpu apple-m1 -target-feature +v8.5a -target-feature +fp-armv8 -target-feature +neon -target-feature +crc -target-feature +crypto -target-feature +dotprod -target-feature +fp16fml -target-feature +ras -target-feature +lse -target-feature +rdm -target-feature +rcpc -target-feature +zcm -target-feature +zcz -target-feature +fullfp16 -target-feature +sm4 -target-feature +sha3 -target-feature +sha2 -target-feature +aes -target-abi darwinpcs -fallow-half-arguments-and-returns -debugger-tuning=lldb -target-linker-version 819.6 -v -resource-dir /Library/Developer/CommandLineTools/usr/lib/clang/14.0.0 -dependency-file CMakeFiles/cmTC_4eeee.dir/CMakeCXXCompilerABI.cpp.o.d -skip-unused-modulemap-deps -MT CMakeFiles/cmTC_4eeee.dir/CMakeCXXCompilerABI.cpp.o -sys-header-deps -isysroot /Library/Developer/CommandLineTools/SDKs/MacOSX12.3.sdk -stdlib=libc++ -internal-isystem /Library/Developer/CommandLineTools/SDKs/MacOSX12.3.sdk/usr/include/c++/v1 -internal-isystem /Library/Developer/CommandLineTools/SDKs/MacOSX12.3.sdk/usr/local/include -internal-isystem /Library/Developer/CommandLineTools/usr/lib/clang/14.0.0/include -internal-externc-isystem /Library/Developer/CommandLineTools/SDKs/MacOSX12.3.sdk/usr/include -internal-externc-isystem /Library/Developer/CommandLineTools/usr/include -Wno-reorder-init-list -Wno-implicit-int-float-conversion -Wno-c99-designator -Wno-final-dtor-non-final-class -Wno-extra-semi-stmt -Wno-misleading-indentation -Wno-quoted-include-in-framework-header -Wno-implicit-fallthrough -Wno-enum-enum-conversion -Wno-enum-float-conversion -Wno-elaborated-enum-base -Wno-reserved-identifier -Wno-gnu-folding-constant -Wno-cast-function-type -Wno-bitwise-instead-of-logical -fdeprecated-macro -fdebug-compilation-dir=/Users/guoemmett/Desktop/cs222-winter23-cutecutelovelydoggy/cmake-build-debug/googlelog-prefix/src/googlelog-build/CMakeFiles/CMakeTmp -ferror-limit 19 -stack-protector 1 -fstack-check -mdarwin-stkchk-strong-link -fblocks -fencode-extended-block-signature -fregister-global-dtors-with-atexit -fgnuc-version=4.2.1 -fno-cxx-modules -fcxx-exceptions -fexceptions -fmax-type-align=16 -fcommon -clang-vendor-feature=+messageToSelfInClassMethodIdReturnType -clang-vendor-feature=+disableInferNewAvailabilityFromInit -clang-vendor-feature=+disableNonDependentMemberExprInCurrentInstantiation -fno-odr-hash-protocols -clang-vendor-feature=+enableAggressiveVLAFolding -clang-vendor-feature=+revert09abecef7bbf -clang-vendor-feature=+thisNoAlignAttr -clang-vendor-feature=+thisNoNullAttr -mllvm -disable-aligned-alloc-awareness=1 -D__GCC_HAVE_DWARF2_CFI_ASM=1 -o CMakeFiles/cmTC_4eeee.dir/CMakeCXXCompilerABI.cpp.o -x c++ /Applications/tool/CLion.app/Contents/bin/cmake/mac/share/cmake-3.24/Modules/CMakeCXXCompilerABI.cpp]
  ignore line: [clang -cc1 version 14.0.0 (clang-1400.0.29.102) default target arm64-apple-darwin21.6.0]
  ignore line: [ignoring nonexistent directory "/Library/Developer/CommandLineTools/SDKs/MacOSX12.3.sdk/usr/local/include"]
  ignore line: [ignoring nonexistent directory "/Library/Developer/CommandLineTools/SDKs/MacOSX12.3.sdk/Library/Frameworks"]
  ignore line: [#include "..." search starts here:]
  ignore line: [#include <...> search starts here:]
  ignore line: [ /Library/Developer/CommandLineTools/SDKs/MacOSX12.3.sdk/usr/include/c++/v1]
  ignore line: [ /Library/Developer/CommandLineTools/usr/lib/clang/14.0.0/include]
  ignore line: [ /Library/Developer/CommandLineTools/SDKs/MacOSX12.3.sdk/usr/include]
  ignore line: [ /Library/Developer/CommandLineTools/usr/include]
  ignore line: [ /Library/Developer/CommandLineTools/SDKs/MacOSX12.3.sdk/System/Library/Frameworks (framework directory)]
  ignore line: [End of search list.]
  ignore line: [[2/2] Linking CXX executable cmTC_4eeee]
  ignore line: [Apple clang version 14.0.0 (clang-1400.0.29.102)]
  ignore line: [Target: arm64-apple-darwin21.6.0]
  ignore line: [Thread model: posix]
  ignore line: [InstalledDir: /Library/Developer/CommandLineTools/usr/bin]
  link line: [ "/Library/Developer/CommandLineTools/usr/bin/ld" -demangle -lto_library /Library/Developer/CommandLineTools/usr/lib/libLTO.dylib -dynamic -arch arm64 -platform_version macos 12.0.0 12.3 -syslibroot /Library/Developer/CommandLineTools/SDKs/MacOSX12.3.sdk -o cmTC_4eeee -search_paths_first -headerpad_max_install_names -v CMakeFiles/cmTC_4eeee.dir/CMakeCXXCompilerABI.cpp.o -lc++ -lSystem /Library/Developer/CommandLineTools/usr/lib/clang/14.0.0/lib/darwin/libclang_rt.osx.a]
    arg [/Library/Developer/CommandLineTools/usr/bin/ld] ==> ignore
    arg [-demangle] ==> ignore
    arg [-lto_library] ==> ignore, skip following value
    arg [/Library/Developer/CommandLineTools/usr/lib/libLTO.dylib] ==> skip value of -lto_library
    arg [-dynamic] ==> ignore
    arg [-arch] ==> ignore
    arg [arm64] ==> ignore
    arg [-platform_version] ==> ignore
    arg [macos] ==> ignore
    arg [12.0.0] ==> ignore
    arg [12.3] ==> ignore
    arg [-syslibroot] ==> ignore
    arg [/Library/Developer/CommandLineTools/SDKs/MacOSX12.3.sdk] ==> ignore
    arg [-o] ==> ignore
    arg [cmTC_4eeee] ==> ignore
    arg [-search_paths_first] ==> ignore
    arg [-headerpad_max_install_names] ==> ignore
    arg [-v] ==> ignore
    arg [CMakeFiles/cmTC_4eeee.dir/CMakeCXXCompilerABI.cpp.o] ==> ignore
    arg [-lc++] ==> lib [c++]
    arg [-lSystem] ==> lib [System]
    arg [/Library/Developer/CommandLineTools/usr/lib/clang/14.0.0/lib/darwin/libclang_rt.osx.a] ==> lib [/Library/Developer/CommandLineTools/usr/lib/clang/14.0.0/lib/darwin/libclang_rt.osx.a]
  Library search paths: [;/Library/Developer/CommandLineTools/SDKs/MacOSX12.3.sdk/usr/lib]
  Framework search paths: [;/Library/Developer/CommandLineTools/SDKs/MacOSX12.3.sdk/System/Library/Frameworks/]
  remove lib [System]
  remove lib [/Library/Developer/CommandLineTools/usr/lib/clang/14.0.0/lib/darwin/libclang_rt.osx.a]
  collapse library dir [/Library/Developer/CommandLineTools/SDKs/MacOSX12.3.sdk/usr/lib] ==> [/Library/Developer/CommandLineTools/SDKs/MacOSX12.3.sdk/usr/lib]
  collapse framework dir [/Library/Developer/CommandLineTools/SDKs/MacOSX12.3.sdk/System/Library/Frameworks/] ==> [/Library/Developer/CommandLineTools/SDKs/MacOSX12.3.sdk/System/Library/Frameworks]
  implicit libs: [c++]
  implicit objs: []
  implicit dirs: [/Library/Developer/CommandLineTools/SDKs/MacOSX12.3.sdk/usr/lib]
  implicit fwks: [/Library/Developer/CommandLineTools/SDKs/MacOSX12.3.sdk/System/Library/Frameworks]


Performing C++ SOURCE FILE Test CMAKE_HAVE_LIBC_PTHREAD succeeded with the following output:
Change Dir: /Users/guoemmett/Desktop/cs222-winter23-cutecutelovelydoggy/cmake-build-debug/googlelog-prefix/src/googlelog-build/CMakeFiles/CMakeTmp

Run Build Command(s):/opt/homebrew/bin/ninja cmTC_083ae && [1/2] Building CXX object CMakeFiles/cmTC_083ae.dir/src.cxx.o
[2/2] Linking CXX executable cmTC_083ae


Source file was:
#include <pthread.h>

static void* test_func(void* data)
{
  return data;
}

int main(void)
{
  pthread_t thread;
  pthread_create(&thread, NULL, test_func, NULL);
  pthread_detach(thread);
  pthread_cancel(thread);
  pthread_join(thread, NULL);
  pthread_atfork(NULL, NULL, NULL);
  pthread_exit(NULL);

  return 0;
}

Determining if the include file dlfcn.h exists passed with the following output:
Change Dir: /Users/guoemmett/Desktop/cs222-winter23-cutecutelovelydoggy/cmake-build-debug/googlelog-prefix/src/googlelog-build/CMakeFiles/CMakeTmp

Run Build Command(s):/opt/homebrew/bin/ninja cmTC_3f4b6 && [1/2] Building CXX object CMakeFiles/cmTC_3f4b6.dir/CheckIncludeFile.cxx.o
[2/2] Linking CXX executable cmTC_3f4b6



Determining if the include file execinfo.h exists passed with the following output:
Change Dir: /Users/guoemmett/Desktop/cs222-winter23-cutecutelovelydoggy/cmake-build-debug/googlelog-prefix/src/googlelog-build/CMakeFiles/CMakeTmp

Run Build Command(s):/opt/homebrew/bin/ninja cmTC_b0024 && [1/2] Building CXX object CMakeFiles/cmTC_b0024.dir/CheckIncludeFile.cxx.o
[2/2] Linking CXX executable cmTC_b0024



Determining if the include file glob.h exists passed with the following output:
Change Dir: /Users/guoemmett/Desktop/cs222-winter23-cutecutelovelydoggy/cmake-build-debug/googlelog-prefix/src/googlelog-build/CMakeFiles/CMakeTmp

Run Build Command(s):/opt/homebrew/bin/ninja cmTC_04c9b && [1/2] Building CXX object CMakeFiles/cmTC_04c9b.dir/CheckIncludeFile.cxx.o
[2/2] Linking CXX executable cmTC_04c9b



Determining if the include file inttypes.h exists passed with the following output:
Change Dir: /Users/guoemmett/Desktop/cs222-winter23-cutecutelovelydoggy/cmake-build-debug/googlelog-prefix/src/googlelog-build/CMakeFiles/CMakeTmp

Run Build Command(s):/opt/homebrew/bin/ninja cmTC_d0159 && [1/2] Building CXX object CMakeFiles/cmTC_d0159.dir/CheckIncludeFile.cxx.o
[2/2] Linking CXX executable cmTC_d0159



Determining if the include file memory.h exists passed with the following output:
Change Dir: /Users/guoemmett/Desktop/cs222-winter23-cutecutelovelydoggy/cmake-build-debug/googlelog-prefix/src/googlelog-build/CMakeFiles/CMakeTmp

Run Build Command(s):/opt/homebrew/bin/ninja cmTC_a6bb1 && [1/2] Building CXX object CMakeFiles/cmTC_a6bb1.dir/CheckIncludeFile.cxx.o
[2/2] Linking CXX executable cmTC_a6bb1



Determining if the include file pwd.h exists passed with the following output:
Change Dir: /Users/guoemmett/Desktop/cs222-winter23-cutecutelovelydoggy/cmake-build-debug/googlelog-prefix/src/googlelog-build/CMakeFiles/CMakeTmp

Run Build Command(s):/opt/homebrew/bin/ninja cmTC_63827 && [1/2] Building CXX object CMakeFiles/cmTC_63827.dir/CheckIncludeFile.cxx.o
[2/2] Linking CXX executable cmTC_63827



Determining if the include file stdint.h exists passed with the following output:
Change Dir: /Users/guoemmett/Desktop/cs222-winter23-cutecutelovelydoggy/cmake-build-debug/googlelog-prefix/src/googlelog-build/CMakeFiles/CMakeTmp

Run Build Command(s):/opt/homebrew/bin/ninja cmTC_377cd && [1/2] Building CXX object CMakeFiles/cmTC_377cd.dir/CheckIncludeFile.cxx.o
[2/2] Linking CXX executable cmTC_377cd



Determining if the include file strings.h exists passed with the following output:
Change Dir: /Users/guoemmett/Desktop/cs222-winter23-cutecutelovelydoggy/cmake-build-debug/googlelog-prefix/src/googlelog-build/CMakeFiles/CMakeTmp

Run Build Command(s):/opt/homebrew/bin/ninja cmTC_4bb72 && [1/2] Building CXX object CMakeFiles/cmTC_4bb72.dir/CheckIncludeFile.cxx.o
[2/2] Linking CXX executable cmTC_4bb72



Determining if the include file sys/stat.h exists passed with the following output:
Change Dir: /Users/guoemmett/Desktop/cs222-winter23-cutecutelovelydoggy/cmake-build-debug/googlelog-prefix/src/googlelog-build/CMakeFiles/CMakeTmp

Run Build Command(s):/opt/homebrew/bin/ninja cmTC_4cf86 && [1/2] Building CXX object CMakeFiles/cmTC_4cf86.dir/CheckIncludeFile.cxx.o
[2/2] Linking CXX executable cmTC_4cf86



Determining if the include file sys/syscall.h exists passed with the following output:
Change Dir: /Users/guoemmett/Desktop/cs222-winter23-cutecutelovelydoggy/cmake-build-debug/googlelog-prefix/src/googlelog-build/CMakeFiles/CMakeTmp

Run Build Command(s):/opt/homebrew/bin/ninja cmTC_4af9d && [1/2] Building CXX object CMakeFiles/cmTC_4af9d.dir/CheckIncludeFile.cxx.o
[2/2] Linking CXX executable cmTC_4af9d



Determining if the include file sys/time.h exists passed with the following output:
Change Dir: /Users/guoemmett/Desktop/cs222-winter23-cutecutelovelydoggy/cmake-build-debug/googlelog-prefix/src/googlelog-build/CMakeFiles/CMakeTmp

Run Build Command(s):/opt/homebrew/bin/ninja cmTC_416f3 && [1/2] Building CXX object CMakeFiles/cmTC_416f3.dir/CheckIncludeFile.cxx.o
[2/2] Linking CXX executable cmTC_416f3



Determining if the include file sys/types.h exists passed with the following output:
Change Dir: /Users/guoemmett/Desktop/cs222-winter23-cutecutelovelydoggy/cmake-build-debug/googlelog-prefix/src/googlelog-build/CMakeFiles/CMakeTmp

Run Build Command(s):/opt/homebrew/bin/ninja cmTC_9e835 && [1/2] Building CXX object CMakeFiles/cmTC_9e835.dir/CheckIncludeFile.cxx.o
[2/2] Linking CXX executable cmTC_9e835



Determining if the include file sys/utsname.h exists passed with the following output:
Change Dir: /Users/guoemmett/Desktop/cs222-winter23-cutecutelovelydoggy/cmake-build-debug/googlelog-prefix/src/googlelog-build/CMakeFiles/CMakeTmp

Run Build Command(s):/opt/homebrew/bin/ninja cmTC_94a48 && [1/2] Building CXX object CMakeFiles/cmTC_94a48.dir/CheckIncludeFile.cxx.o
[2/2] Linking CXX executable cmTC_94a48



Determining if the include file sys/wait.h exists passed with the following output:
Change Dir: /Users/guoemmett/Desktop/cs222-winter23-cutecutelovelydoggy/cmake-build-debug/googlelog-prefix/src/googlelog-build/CMakeFiles/CMakeTmp

Run Build Command(s):/opt/homebrew/bin/ninja cmTC_0cc3f && [1/2] Building CXX object CMakeFiles/cmTC_0cc3f.dir/CheckIncludeFile.cxx.o
[2/2] Linking CXX executable cmTC_0cc3f



Determining if the include file syslog.h exists passed with the following output:
Change Dir: /Users/guoemmett/Desktop/cs222-winter23-cutecutelovelydoggy/cmake-build-debug/googlelog-prefix/src/googlelog-build/CMakeFiles/CMakeTmp

Run Build Command(s):/opt/homebrew/bin/ninja cmTC_9de03 && [1/2] Building CXX object CMakeFiles/cmTC_9de03.dir/CheckIncludeFile.cxx.o
[2/2] Linking CXX executable cmTC_9de03



Determining if the include file unistd.h exists passed with the following output:
Change Dir: /Users/guoemmett/Desktop/cs222-winter23-cutecutelovelydoggy/cmake-build-debug/googlelog-prefix/src/googlelog-build/CMakeFiles/CMakeTmp

Run Build Command(s):/opt/homebrew/bin/ninja cmTC_4ff3f && [1/2] Building CXX object CMakeFiles/cmTC_4ff3f.dir/CheckIncludeFile.cxx.o
[2/2] Linking CXX executable cmTC_4ff3f



Determining if the include file ext/hash_map exists passed with the following output:
Change Dir: /Users/guoemmett/Desktop/cs222-winter23-cutecutelovelydoggy/cmake-build-debug/googlelog-prefix/src/googlelog-build/CMakeFiles/CMakeTmp

Run Build Command(s):/opt/homebrew/bin/ninja cmTC_cfdb5 && [1/2] Building CXX object CMakeFiles/cmTC_cfdb5.dir/CheckIncludeFile.cxx.o
In file included from /Users/guoemmett/Desktop/cs222-winter23-cutecutelovelydoggy/cmake-build-debug/googlelog-prefix/src/googlelog-build/CMakeFiles/CMakeTmp/CheckIncludeFile.cxx:1:
/Library/Developer/CommandLineTools/SDKs/MacOSX12.3.sdk/usr/include/c++/v1/ext/hash_map:215:5: warning: Use of the header <ext/hash_map> is deprecated.  Migrate to <unordered_map> [-W#warnings]
#   warning Use of the header <ext/hash_map> is deprecated.  Migrate to <unordered_map>
    ^
1 warning generated.
[2/2] Linking CXX executable cmTC_cfdb5



Determining if the include file ext/hash_set exists passed with the following output:
Change Dir: /Users/guoemmett/Desktop/cs222-winter23-cutecutelovelydoggy/cmake-build-debug/googlelog-prefix/src/googlelog-build/CMakeFiles/CMakeTmp

Run Build Command(s):/opt/homebrew/bin/ninja cmTC_520eb && [1/2] Building CXX object CMakeFiles/cmTC_520eb.dir/CheckIncludeFile.cxx.o
In file included from /Users/guoemmett/Desktop/cs222-winter23-cutecutelovelydoggy/cmake-build-debug/googlelog-prefix/src/googlelog-build/CMakeFiles/CMakeTmp/CheckIncludeFile.cxx:1:
/Library/Developer/CommandLineTools/SDKs/MacOSX12.3.sdk/usr/include/c++/v1/ext/hash_set:204:5: warning: Use of the header <ext/hash_set> is deprecated.  Migrate to <unordered_set> [-W#warnings]
#   warning Use of the header <ext/hash_set> is deprecated.  Migrate to <unordered_set>
    ^
1 warning generated.
[2/2] Linking CXX executable cmTC_520eb



Determining if the include file unordered_map exists passed with the following output:
Change Dir: /Users/guoemmett/Desktop/cs222-winter23-cutecutelovelydoggy/cmake-build-debug/googlelog-prefix/src/googlelog-build/CMakeFiles/CMakeTmp

Run Build Command(s):/opt/homebrew/bin/ninja cmTC_1deb1 && [1/2] Building CXX object CMakeFiles/cmTC_1deb1.dir/CheckIncludeFile.cxx.o
[2/2] Linking CXX executable cmTC_1deb1



Determining if the include file unordered_set exists passed with the following output:
Change Dir: /Users/guoemmett/Desktop/cs222-winter23-cutecutelovelydoggy/cmake-build-debug/googlelog-prefix/src/googlelog-build/CMakeFiles/CMakeTmp

Run Build Command(s):/opt/homebrew/bin/ninja cmTC_6dd8a && [1/2] Building CXX object CMakeFiles/cmTC_6dd8a.dir/CheckIncludeFile.cxx.o
[2/2] Linking CXX executable cmTC_6dd8a



Determining if the include file stddef.h exists passed with the following output:
Change Dir: /Users/guoemmett/Desktop/cs222-winter23-cutecutelovelydoggy/cmake-build-debug/googlelog-prefix/src/googlelog-build/CMakeFiles/CMakeTmp

Run Build Command(s):/opt/homebrew/bin/ninja cmTC_0f67b && [1/2] Building CXX object CMakeFiles/cmTC_0f67b.dir/CheckIncludeFile.cxx.o
[2/2] Linking CXX executable cmTC_0f67b



Determining size of u_int16_t passed with the following output:
Change Dir: /Users/guoemmett/Desktop/cs222-winter23-cutecutelovelydoggy/cmake-build-debug/googlelog-prefix/src/googlelog-build/CMakeFiles/CMakeTmp

Run Build Command(s):/opt/homebrew/bin/ninja cmTC_bef9a && [1/2] Building CXX object CMakeFiles/cmTC_bef9a.dir/HAVE_U_INT16_T.cpp.o
[2/2] Linking CXX executable cmTC_bef9a



Determining size of uint16_t passed with the following output:
Change Dir: /Users/guoemmett/Desktop/cs222-winter23-cutecutelovelydoggy/cmake-build-debug/googlelog-prefix/src/googlelog-build/CMakeFiles/CMakeTmp

Run Build Command(s):/opt/homebrew/bin/ninja cmTC_9184e && [1/2] Building CXX object CMakeFiles/cmTC_9184e.dir/HAVE_UINT16_T.cpp.o
[2/2] Linking CXX executable cmTC_9184e



Determining if the function dladdr exists passed with the following output:
Change Dir: /Users/guoemmett/Desktop/cs222-winter23-cutecutelovelydoggy/cmake-build-debug/googlelog-prefix/src/googlelog-build/CMakeFiles/CMakeTmp

Run Build Command(s):/opt/homebrew/bin/ninja cmTC_73a44 && [1/2] Building CXX object CMakeFiles/cmTC_73a44.dir/CheckFunctionExists.cxx.o
[2/2] Linking CXX executable cmTC_73a44



Determining if the function fcntl exists passed with the following output:
Change Dir: /Users/guoemmett/Desktop/cs222-winter23-cutecutelovelydoggy/cmake-build-debug/googlelog-prefix/src/googlelog-build/CMakeFiles/CMakeTmp

Run Build Command(s):/opt/homebrew/bin/ninja cmTC_c52e3 && [1/2] Building CXX object CMakeFiles/cmTC_c52e3.dir/CheckFunctionExists.cxx.o
[2/2] Linking CXX executable cmTC_c52e3



Determining if the function pread exists passed with the following output:
Change Dir: /Users/guoemmett/Desktop/cs222-winter23-cutecutelovelydoggy/cmake-build-debug/googlelog-prefix/src/googlelog-build/CMakeFiles/CMakeTmp

Run Build Command(s):/opt/homebrew/bin/ninja cmTC_e9b3e && [1/2] Building CXX object CMakeFiles/cmTC_e9b3e.dir/CheckFunctionExists.cxx.o
[2/2] Linking CXX executable cmTC_e9b3e



Determining if the function pwrite exists passed with the following output:
Change Dir: /Users/guoemmett/Desktop/cs222-winter23-cutecutelovelydoggy/cmake-build-debug/googlelog-prefix/src/googlelog-build/CMakeFiles/CMakeTmp

Run Build Command(s):/opt/homebrew/bin/ninja cmTC_c6875 && [1/2] Building CXX object CMakeFiles/cmTC_c6875.dir/CheckFunctionExists.cxx.o
[2/2] Linking CXX executable cmTC_c6875



Determining if the function sigaction exists passed with the following output:
Change Dir: /Users/guoemmett/Desktop/cs222-winter23-cutecutelovelydoggy/cmake-build-debug/googlelog-prefix/src/googlelog-build/CMakeFiles/CMakeTmp

Run Build Command(s):/opt/homebrew/bin/ninja cmTC_5b997 && [1/2] Building CXX object CMakeFiles/cmTC_5b997.dir/CheckFunctionExists.cxx.o
[2/2] Linking CXX executable cmTC_5b997



Determining if the function sigaltstack exists passed with the following output:
Change Dir: /Users/guoemmett/Desktop/cs222-winter23-cutecutelovelydoggy/cmake-build-debug/googlelog-prefix/src/googlelog-build/CMakeFiles/CMakeTmp

Run Build Command(s):/opt/homebrew/bin/ninja cmTC_34e32 && [1/2] Building CXX object CMakeFiles/cmTC_34e32.dir/CheckFunctionExists.cxx.o
[2/2] Linking CXX executable cmTC_34e32



Performing C++ SOURCE FILE Test HAVE_NO_DEPRECATED succeeded with the following output:
Change Dir: /Users/guoemmett/Desktop/cs222-winter23-cutecutelovelydoggy/cmake-build-debug/googlelog-prefix/src/googlelog-build/CMakeFiles/CMakeTmp

Run Build Command(s):/opt/homebrew/bin/ninja cmTC_a37b0 && [1/2] Building CXX object CMakeFiles/cmTC_a37b0.dir/src.cxx.o
[2/2] Linking CXX executable cmTC_a37b0


Source file was:
int main() { return 0; }
Performing C++ SOURCE FILE Test HAVE_NO_UNNAMED_TYPE_TEMPLATE_ARGS succeeded with the following output:
Change Dir: /Users/guoemmett/Desktop/cs222-winter23-cutecutelovelydoggy/cmake-build-debug/googlelog-prefix/src/googlelog-build/CMakeFiles/CMakeTmp

Run Build Command(s):/opt/homebrew/bin/ninja cmTC_ce87a && [1/2] Building CXX object CMakeFiles/cmTC_ce87a.dir/src.cxx.o
[2/2] Linking CXX executable cmTC_ce87a


Source file was:
int main() { return 0; }
Determining if the snprintf exist passed with the following output:
Change Dir: /Users/guoemmett/Desktop/cs222-winter23-cutecutelovelydoggy/cmake-build-debug/googlelog-prefix/src/googlelog-build/CMakeFiles/CMakeTmp

Run Build Command(s):/opt/homebrew/bin/ninja cmTC_ee76f && [1/2] Building CXX object CMakeFiles/cmTC_ee76f.dir/CheckSymbolExists.cxx.o
[2/2] Linking CXX executable cmTC_ee76f


File /Users/guoemmett/Desktop/cs222-winter23-cutecutelovelydoggy/cmake-build-debug/googlelog-prefix/src/googlelog-build/CMakeFiles/CMakeTmp/CheckSymbolExists.cxx:
/* */
#include <cstdio>

int main(int argc, char** argv)
{
  (void)argv;
#ifndef snprintf
  return ((int*)(&snprintf))[argc];
#else
  (void)argc;
  return 0;
#endif
}
Performing C++ SOURCE FILE Test HAVE___ATTRIBUTE__ succeeded with the following output:
Change Dir: /Users/guoemmett/Desktop/cs222-winter23-cutecutelovelydoggy/cmake-build-debug/googlelog-prefix/src/googlelog-build/CMakeFiles/CMakeTmp

Run Build Command(s):/opt/homebrew/bin/ninja cmTC_1f472 && [1/2] Building CXX object CMakeFiles/cmTC_1f472.dir/src.cxx.o
[2/2] Linking CXX executable cmTC_1f472


Source file was:

#include <cstdlib>
static void foo(void) __attribute__ ((unused));
int main(void) { return 0; }

Performing C++ SOURCE FILE Test HAVE___ATTRIBUTE__VISIBILITY_DEFAULT succeeded with the following output:
Change Dir: /Users/guoemmett/Desktop/cs222-winter23-cutecutelovelydoggy/cmake-build-debug/googlelog-prefix/src/googlelog-build/CMakeFiles/CMakeTmp

Run Build Command(s):/opt/homebrew/bin/ninja cmTC_67bab && [1/2] Building CXX object CMakeFiles/cmTC_67bab.dir/src.cxx.o
[2/2] Linking CXX executable cmTC_67bab


Source file was:

#include <cstdlib>
static void foo(void) __attribute__ ((visibility("default")));
int main(void) { return 0; }

Performing C++ SOURCE FILE Test HAVE___ATTRIBUTE__VISIBILITY_HIDDEN succeeded with the following output:
Change Dir: /Users/guoemmett/Desktop/cs222-winter23-cutecutelovelydoggy/cmake-build-debug/googlelog-prefix/src/googlelog-build/CMakeFiles/CMakeTmp

Run Build Command(s):/opt/homebrew/bin/ninja cmTC_7b5cc && [1/2] Building CXX object CMakeFiles/cmTC_7b5cc.dir/src.cxx.o
[2/2] Linking CXX executable cmTC_7b5cc


Source file was:

#include <cstdlib>
static void foo(void) __attribute__ ((visibility("hidden")));
int main(void) { return 0; }

Performing C++ SOURCE FILE Test HAVE___BUILTIN_EXPECT succeeded with the following output:
Change Dir: /Users/guoemmett/Desktop/cs222-winter23-cutecutelovelydoggy/cmake-build-debug/googlelog-prefix/src/googlelog-build/CMakeFiles/CMakeTmp

Run Build Command(s):/opt/homebrew/bin/ninja cmTC_c0038 && [1/2] Building CXX object CMakeFiles/cmTC_c0038.dir/src.cxx.o
[2/2] Linking CXX executable cmTC_c0038


Source file was:

int main(void) { if (__builtin_expect(0, 0)) return 1; return 0; }

Performing C++ SOURCE FILE Test HAVE___SYNC_VAL_COMPARE_AND_SWAP succeeded with the following output:
Change Dir: /Users/guoemmett/Desktop/cs222-winter23-cutecutelovelydoggy/cmake-build-debug/googlelog-prefix/src/googlelog-build/CMakeFiles/CMakeTmp

Run Build Command(s):/opt/homebrew/bin/ninja cmTC_805b3 && [1/2] Building CXX object CMakeFiles/cmTC_805b3.dir/src.cxx.o
[2/2] Linking CXX executable cmTC_805b3


Source file was:

int main(void)
{
  int a; if (__sync_val_compare_and_swap(&a, 0, 1)) return 1; return 0;
}

Performing C++ SOURCE FILE Test HAVE_RWLOCK succeeded with the following output:
Change Dir: /Users/guoemmett/Desktop/cs222-winter23-cutecutelovelydoggy/cmake-build-debug/googlelog-prefix/src/googlelog-build/CMakeFiles/CMakeTmp

Run Build Command(s):/opt/homebrew/bin/ninja cmTC_24b7d && [1/2] Building CXX object CMakeFiles/cmTC_24b7d.dir/src.cxx.o
[2/2] Linking CXX executable cmTC_24b7d


Source file was:

#define _XOPEN_SOURCE 500
#include <pthread.h>
int main(void)
{
  pthread_rwlock_t l;
  pthread_rwlock_init(&l, NULL);
  pthread_rwlock_rdlock(&l);
  return 0;
}

Performing C++ SOURCE FILE Test STL_STD_NAMESPACE succeeded with the following output:
Change Dir: /Users/guoemmett/Desktop/cs222-winter23-cutecutelovelydoggy/cmake-build-debug/googlelog-prefix/src/googlelog-build/CMakeFiles/CMakeTmp

Run Build Command(s):/opt/homebrew/bin/ninja cmTC_8f50c && [1/2] Building CXX object CMakeFiles/cmTC_8f50c.dir/src.cxx.o
[2/2] Linking CXX executable cmTC_8f50c


Source file was:

#include <vector>
std::vector<int> t; int main() { }

Performing C++ SOURCE FILE Test HAVE_USING_OPERATOR succeeded with the following output:
Change Dir: /Users/guoemmett/Desktop/cs222-winter23-cutecutelovelydoggy/cmake-build-debug/googlelog-prefix/src/googlelog-build/CMakeFiles/CMakeTmp

Run Build Command(s):/opt/homebrew/bin/ninja cmTC_36065 && [1/2] Building CXX object CMakeFiles/cmTC_36065.dir/src.cxx.o
[2/2] Linking CXX executable cmTC_36065


Source file was:

#include <iostream>
std::ostream& operator<<(std::ostream&, struct s);
using ::operator<<;
int main() { }

Performing C++ SOURCE FILE Test HAVE_NAMESPACES succeeded with the following output:
Change Dir: /Users/guoemmett/Desktop/cs222-winter23-cutecutelovelydoggy/cmake-build-debug/googlelog-prefix/src/googlelog-build/CMakeFiles/CMakeTmp

Run Build Command(s):/opt/homebrew/bin/ninja cmTC_38f32 && [1/2] Building CXX object CMakeFiles/cmTC_38f32.dir/src.cxx.o
[2/2] Linking CXX executable cmTC_38f32


Source file was:

namespace Outer { namespace Inner { int i = 0; }}
using namespace Outer::Inner;;
int main() { return i; }

Performing C++ SOURCE FILE Test HAVE_GCC_TLS succeeded with the following output:
Change Dir: /Users/guoemmett/Desktop/cs222-winter23-cutecutelovelydoggy/cmake-build-debug/googlelog-prefix/src/googlelog-build/CMakeFiles/CMakeTmp

Run Build Command(s):/opt/homebrew/bin/ninja cmTC_ba514 && [1/2] Building CXX object CMakeFiles/cmTC_ba514.dir/src.cxx.o
[2/2] Linking CXX executable cmTC_ba514


Source file was:

__thread int tls;
int main() { }

Performing C++ SOURCE FILE Test HAVE_CXX11_ATOMIC succeeded with the following output:
Change Dir: /Users/guoemmett/Desktop/cs222-winter23-cutecutelovelydoggy/cmake-build-debug/googlelog-prefix/src/googlelog-build/CMakeFiles/CMakeTmp

Run Build Command(s):/opt/homebrew/bin/ninja cmTC_fe46b && [1/2] Building CXX object CMakeFiles/cmTC_fe46b.dir/src.cxx.o
[2/2] Linking CXX executable cmTC_fe46b


Source file was:

#include <atomic>
std::atomic<int> i;
int main() { }

Performing C++ SOURCE FILE Test HAVE_CXX11_NULLPTR_T succeeded with the following output:
Change Dir: /Users/guoemmett/Desktop/cs222-winter23-cutecutelovelydoggy/cmake-build-debug/googlelog-prefix/src/googlelog-build/CMakeFiles/CMakeTmp

Run Build Command(s):/opt/homebrew/bin/ninja cmTC_0fcce && [1/2] Building CXX object CMakeFiles/cmTC_0fcce.dir/src.cxx.o
[2/2] Linking CXX executable cmTC_0fcce


Source file was:

#include <cstddef>
void foo(std::nullptr_t) {}
int main(void) { foo(nullptr); }

Performing C++ SOURCE FILE Test HAVE_LOCALTIME_R succeeded with the following output:
Change Dir: /Users/guoemmett/Desktop/cs222-winter23-cutecutelovelydoggy/cmake-build-debug/googlelog-prefix/src/googlelog-build/CMakeFiles/CMakeTmp

Run Build Command(s):/opt/homebrew/bin/ninja cmTC_27424 && [1/2] Building CXX object CMakeFiles/cmTC_27424.dir/src.cxx.o
[2/2] Linking CXX executable cmTC_27424


Source file was:

#include <cstdlib>
#include <time.h>
int main()
{
    time_t timep;
    struct tm result;
    localtime_r(&timep, &result);
    return EXIT_SUCCESS;
}

Performing C++ SOURCE FILE Test COMPILER_HAS_HIDDEN_VISIBILITY succeeded with the following output:
Change Dir: /Users/guoemmett/Desktop/cs222-winter23-cutecutelovelydoggy/cmake-build-debug/googlelog-prefix/src/googlelog-build/CMakeFiles/CMakeTmp

Run Build Command(s):/opt/homebrew/bin/ninja cmTC_1816c && [1/2] Building CXX object CMakeFiles/cmTC_1816c.dir/src.cxx.o
[2/2] Linking CXX executable cmTC_1816c


Source file was:
int main() { return 0; }
Performing C++ SOURCE FILE Test COMPILER_HAS_HIDDEN_INLINE_VISIBILITY succeeded with the following output:
Change Dir: /Users/guoemmett/Desktop/cs222-winter23-cutecutelovelydoggy/cmake-build-debug/googlelog-prefix/src/googlelog-build/CMakeFiles/CMakeTmp

Run Build Command(s):/opt/homebrew/bin/ninja cmTC_aaf28 && [1/2] Building CXX object CMakeFiles/cmTC_aaf28.dir/src.cxx.o
[2/2] Linking CXX executable cmTC_aaf28


Source file was:
int main() { return 0; }
Performing C++ SOURCE FILE Test COMPILER_HAS_DEPRECATED_ATTR succeeded with the following output:
Change Dir: /Users/guoemmett/Desktop/cs222-winter23-cutecutelovelydoggy/cmake-build-debug/googlelog-prefix/src/googlelog-build/CMakeFiles/CMakeTmp

Run Build Command(s):/opt/homebrew/bin/ninja cmTC_3300c && [1/2] Building CXX object CMakeFiles/cmTC_3300c.dir/src.cxx.o
/Users/guoemmett/Desktop/cs222-winter23-cutecutelovelydoggy/cmake-build-debug/googlelog-prefix/src/googlelog-build/CMakeFiles/CMakeTmp/src.cxx:2:25: warning: 'somefunc' is deprecated [-Wdeprecated-declarations]
    int main() { return somefunc();}
                        ^
/Users/guoemmett/Desktop/cs222-winter23-cutecutelovelydoggy/cmake-build-debug/googlelog-prefix/src/googlelog-build/CMakeFiles/CMakeTmp/src.cxx:1:16: note: 'somefunc' has been explicitly marked deprecated here
__attribute__((__deprecated__)) int somefunc() { return 0; }
               ^
1 warning generated.
[2/2] Linking CXX executable cmTC_3300c


Source file was:
__attribute__((__deprecated__)) int somefunc() { return 0; }
    int main() { return somefunc();}
